>>>ClientMain.print_transfer() frozen = not
>>>ClientMain.print_transfer() bundle_dir = D:\CTP\Sgit\PyCTP_Client\PyCTP_ClientCore
>>>ClientMain.print_transfer() sys.argv[0] = D:/CTP/Sgit/PyCTP_Client/PyCTP_ClientCore/ClientMain.py
>>>ClientMain.print_transfer() sys.executable = D:\Python34\python.exe
>>>ClientMain.print_transfer() os.getcwd() = D:\CTP\Sgit\PyCTP_Client\PyCTP_ClientCore
>>>ClientMain.print_transfer() os.getpid() = 9280
>>>ClientMain.print_transfer() threading.current_thread().getName() = MainThread
>>> StocketManager.read_ip_address() ip_address = 101.95.163.34 9901
SocketManager.connect() self.__ip_address 101.95.163.34
QAccountWidget.slot_addTabBar() self.__dict_clicked_info = {'所有账户': {}}
>>> SocketManager run() 监听接收消息
QLogin.on_pushButton_login_clicked() thread.getName()= MainThread
SocketManager.receive_msg() MsgType=1，交易员登录 {'MsgSendFlag': 1, 'MsgType': 1, 'MsgRef': 19, 'MsgResult': 0, 'MsgSrc': 0, 'IsLast': 1, 'TraderName': 'yuanpengfei', 'MsgErrorReason': '', 'OnOff': 1, 'TraderID': '1601'}
>>> SocketManager run() 监听接收消息
SocketManager.receive_msg() MsgType=4，查询行情配置 {'MsgSendFlag': 1, 'MsgType': 4, 'MsgRef': 20, 'IsLast': 1, 'MsgSrc': 0, 'Info': [{'frontaddress': 'tcp://61.152.165.100:41211', 'password': '122854', 'userid': '801867', 'brokerid': '0187'}], 'MsgResult': 0, 'MsgErrorReason': '', 'TraderID': '1601'}
MarketManagerForUi.__init__() process_id = 9280 dict_arguments = {'proxy_address': '101.132.99.239:1080', 'proxy_use': True, 'brokerid': '0187', 'password': '122854', 'frontaddress': 'tcp://61.152.165.100:41211', 'userid': '801867'}
>>>MarketManagerForUi.__init__() s_path = b'conn/md/61.152.165.100_41211/'
MarketManagerForUi.__init__() process_id = 9280 实例创建成功
>>>MarketManagerForUi.connect_front() address = b'socks5://61.152.165.100:41211/yuwangying:yuwangying@101.132.99.239:1080'
>>>PyCTP_Market.Connect() frontAddr = b'socks5://61.152.165.100:41211/yuwangying:yuwangying@101.132.99.239:1080'
MarketManagerForUi.__init__() 连接行情前置成功，self.__broker_id = 0187
MarketManagerForUi.__init__() 登录行情账号成功，self.__broker_id = 0187
MarketManagerForUi.__init__() 行情端口交易日： 20171229
>>> SocketManager run() 监听接收消息
SocketManager.receive_msg() MsgType=2，查询期货账户 {'MsgSendFlag': 1, 'MsgType': 2, 'MsgRef': 21, 'IsLast': 1, 'MsgSrc': 0, 'Info': [{'positionflag': 1, 'brokerid_sgit': '0187', 'userid': '801867', 'frontaddress': 'tcp://61.152.165.100:41201', 'password': '122854', 'userid_sgit': '80186701', 'password_sgit': '888888', 'frontaddress_sgit': 'tcp://101.95.163.34:7776', 'orderref': '100000000599', 'on_off': 1, 'brokerid': '0187', 'traderid': '1601'}], 'MsgResult': 0, 'MsgErrorReason': '', 'TraderID': '1601'}
>>>SocketManager.receive_msg() MsgType=2，i['orderref'] = 100000000599
>>> SocketManager run() 监听接收消息
>>> SocketManager run() 监听接收消息
SocketManager.receive_msg() MsgType=11，查询下单算法 {'MsgSendFlag': 1, 'MsgType': 11, 'MsgRef': 23, 'IsLast': 1, 'MsgSrc': 0, 'Info': [{'name': '02'}, {'name': '03'}], 'MsgResult': 0, 'MsgErrorReason': '', 'TraderID': '1601'}
>>> SocketManager run() 监听接收消息
>>> SocketManager run() 监听接收消息
>>> SocketManager run() 监听接收消息
>>> SocketManager run() 监听接收消息
>>> SocketManager run() 监听接收消息
SocketManager.receive_msg() MsgType=3，查询策略 {'MsgSendFlag': 1, 'MsgType': 3, 'MsgRef': 28, 'IsLast': 1, 'MsgSrc': 0, 'Info': [{'b_order_open_num_limit': -1, 'stop_loss': 0.0, 'position_b_sell': 0, 'sell_open_on_off': 0, 'position_a_sell_today': 0, 'instrument_b_scale': 1, 'position_a_sell': 0, 'b_order_action_limit': 450, 'position_b_buy_yesterday': 0, 'position_b_buy_today': 0, 'position_a_buy_yesterday': 0, 'a_order_action_limit': 450, 'buy_close_on_off': 1, 'user_id': '801867', 'position_b_buy': 0, 'buy_open': -45.0, 'order_algorithm': '03', 'instrument_a_scale': 1, 'position_a_buy': 0, 'sell_close_on_off': 1, 'close_profit': 0.0, 'a_instrument_id': 'zn1803', 'b_limit_price_shift': 0, 'trade_model': '', 'strategy_id': '01', 'position_b_sell_today': 0, 'trade_volume': 0, 'commission': 0.0, 'update_position_detail_record_orderref': '', 'a_order_open_num_limit': -1, 'lots_batch': 1, 'spread_shift': 0.0, 'list_instrument_id': ['zn1803', 'zn1802'], 'position_b_sell_yesterday': 0, 'sell_close': -35.0, 'position_sell': 0, 'on_off': 0, 'b_instrument_id': 'zn1802', 'b_wait_price_tick': 2.0, 'average_shift': 0.0, 'position_buy': 0, 'position': 0, 'lots': 2, 'sell_open': -35.0, 'position_a_sell_yesterday': 0, 'buy_open_on_off': 0, 'a_wait_price_tick': 2.0, 'a_limit_price_shift': 0, 'hold_profit': 0.0, 'buy_close': -45.0, 'amount': 0.0, 'update_position_detail_record_time': '', 'only_close': 0, 'strategy_on_off': 0, 'position_a_buy_today': 0, 'trader_id': '1601'}, {'b_order_open_num_limit': -1, 'stop_loss': 0.0, 'position_b_sell': 0, 'sell_open_on_off': 0, 'position_a_sell_today': 0, 'instrument_b_scale': 1, 'position_a_sell': 0, 'b_order_action_limit': 450, 'position_b_buy_yesterday': 0, 'position_b_buy_today': 0, 'position_a_buy_yesterday': 0, 'a_order_action_limit': 400, 'buy_close_on_off': 0, 'user_id': '801867', 'position_b_buy': 0, 'buy_open': 100.0, 'order_algorithm': '03', 'instrument_a_scale': 1, 'position_a_buy': 0, 'sell_close_on_off': 0, 'close_profit': 0.0, 'a_instrument_id': 'hc1805', 'b_limit_price_shift': 0, 'trade_model': '', 'strategy_id': '02', 'position_b_sell_today': 0, 'trade_volume': 0, 'commission': 0.0, 'update_position_detail_record_orderref': '', 'a_order_open_num_limit': -1, 'lots_batch': 1, 'spread_shift': 0.0, 'list_instrument_id': ['hc1805', 'rb1805'], 'position_b_sell_yesterday': 0, 'sell_close': 222.0, 'position_sell': 0, 'on_off': 0, 'b_instrument_id': 'rb1805', 'b_wait_price_tick': 0.0, 'average_shift': 0.0, 'position_buy': 0, 'position': 0, 'lots': 1, 'sell_open': 322.0, 'position_a_sell_yesterday': 0, 'buy_open_on_off': 1, 'a_wait_price_tick': 0.0, 'a_limit_price_shift': -100, 'hold_profit': 0.0, 'buy_close': -3.0, 'amount': 0.0, 'update_position_detail_record_time': '', 'only_close': 0, 'strategy_on_off': 0, 'position_a_buy_today': 0, 'trader_id': '1601'}, {'b_order_open_num_limit': -1, 'stop_loss': 0.0, 'position_b_sell': 0, 'sell_open_on_off': 1, 'position_a_sell_today': 0, 'instrument_b_scale': 1, 'position_a_sell': 0, 'b_order_action_limit': 450, 'position_b_buy_yesterday': 0, 'position_b_buy_today': 0, 'position_a_buy_yesterday': 0, 'a_order_action_limit': 100, 'buy_close_on_off': 0, 'user_id': '801867', 'position_b_buy': 0, 'buy_open': 0.0, 'order_algorithm': '03', 'instrument_a_scale': 1, 'position_a_buy': 0, 'sell_close_on_off': 0, 'close_profit': 0.0, 'a_instrument_id': 'rb1805', 'b_limit_price_shift': 0, 'trade_model': '', 'strategy_id': '99', 'position_b_sell_today': 0, 'trade_volume': 0, 'commission': 0.0, 'update_position_detail_record_orderref': '', 'a_order_open_num_limit': -1, 'lots_batch': 1, 'spread_shift': 0.0, 'list_instrument_id': ['rb1805', 'rb1810'], 'position_b_sell_yesterday': 0, 'sell_close': 1.0, 'position_sell': 0, 'on_off': 0, 'b_instrument_id': 'rb1810', 'b_wait_price_tick': 0.0, 'average_shift': 0.0, 'position_buy': 0, 'position': 0, 'lots': 1, 'sell_open': 1.0, 'position_a_sell_yesterday': 0, 'buy_open_on_off': 0, 'a_wait_price_tick': 0.0, 'a_limit_price_shift': -100, 'hold_profit': 0.0, 'buy_close': 0.0, 'amount': 0.0, 'update_position_detail_record_time': '', 'only_close': 0, 'strategy_on_off': 0, 'position_a_buy_today': 0, 'trader_id': '1601'}, {'b_order_open_num_limit': -1, 'stop_loss': 0.0, 'position_b_sell': 0, 'sell_open_on_off': 1, 'position_a_sell_today': 0, 'instrument_b_scale': 1, 'position_a_sell': 0, 'b_order_action_limit': 450, 'position_b_buy_yesterday': 0, 'position_b_buy_today': 0, 'position_a_buy_yesterday': 0, 'a_order_action_limit': 200, 'buy_close_on_off': 0, 'user_id': '801867', 'position_b_buy': 0, 'buy_open': 0.0, 'order_algorithm': '03', 'instrument_a_scale': 1, 'position_a_buy': 0, 'sell_close_on_off': 0, 'close_profit': 0.0, 'a_instrument_id': 'al1803', 'b_limit_price_shift': 0, 'trade_model': '', 'strategy_id': '96', 'position_b_sell_today': 0, 'trade_volume': 0, 'commission': 0.0, 'update_position_detail_record_orderref': '', 'a_order_open_num_limit': -1, 'lots_batch': 1, 'spread_shift': 0.0, 'list_instrument_id': ['al1803', 'al1802'], 'position_b_sell_yesterday': 0, 'sell_close': 1.0, 'position_sell': 0, 'on_off': 0, 'b_instrument_id': 'al1802', 'b_wait_price_tick': 0.0, 'average_shift': 0.0, 'position_buy': 0, 'position': 0, 'lots': 1, 'sell_open': 1.0, 'position_a_sell_yesterday': 0, 'buy_open_on_off': 0, 'a_wait_price_tick': 0.0, 'a_limit_price_shift': -200, 'hold_profit': 0.0, 'buy_close': 0.0, 'amount': 0.0, 'update_position_detail_record_time': '', 'only_close': 0, 'strategy_on_off': 0, 'position_a_buy_today': 0, 'trader_id': '1601'}, {'b_order_open_num_limit': -1, 'stop_loss': 0.0, 'position_b_sell': 0, 'sell_open_on_off': 0, 'position_a_sell_today': 0, 'instrument_b_scale': 1, 'position_a_sell': 0, 'b_order_action_limit': 450, 'position_b_buy_yesterday': 0, 'position_b_buy_today': 0, 'position_a_buy_yesterday': 0, 'a_order_action_limit': 200, 'buy_close_on_off': 0, 'user_id': '801867', 'position_b_buy': 0, 'buy_open': 0.0, 'order_algorithm': '03', 'instrument_a_scale': 1, 'position_a_buy': 0, 'sell_close_on_off': 0, 'close_profit': 0.0, 'a_instrument_id': 'al1802', 'b_limit_price_shift': 0, 'trade_model': '', 'strategy_id': '95', 'position_b_sell_today': 0, 'trade_volume': 0, 'commission': 0.0, 'update_position_detail_record_orderref': '', 'a_order_open_num_limit': -1, 'lots_batch': 1, 'spread_shift': 0.0, 'list_instrument_id': ['al1802', 'al1803'], 'position_b_sell_yesterday': 0, 'sell_close': 1.0, 'position_sell': 0, 'on_off': 0, 'b_instrument_id': 'al1803', 'b_wait_price_tick': 0.0, 'average_shift': 0.0, 'position_buy': 0, 'position': 0, 'lots': 1, 'sell_open': 1.0, 'position_a_sell_yesterday': 0, 'buy_open_on_off': 1, 'a_wait_price_tick': 0.0, 'a_limit_price_shift': -200, 'hold_profit': 0.0, 'buy_close': 0.0, 'amount': 0.0, 'update_position_detail_record_time': '', 'only_close': 0, 'strategy_on_off': 0, 'position_a_buy_today': 0, 'trader_id': '1601'}], 'MsgResult': 0, 'MsgErrorReason': '', 'StrategyID': '', 'TraderID': '1601'}>>>OrderDataModel.slot_receive_previous_data_order() user_id = 801867 dict_input['user_id'] 长度= 0
>>>OrderDataModel.slot_receive_previous_data_order() self.__dict_origin_data[user_id] 长度= 0
>>>OrderDataModel.update_data() 不需要更新的user_id =  <class 'str'>
>>>TradeDataModel.slot_receive_previous_data_trade() user_id = 801867 dict_input['user_id'] 长度= 0
>>>TradeDataModel.slot_receive_previous_data_trade() self.__dict_origin_data[user_id] 长度= 0
>>>TradeDataModel.update_data() 不需要更新的user_id =  <class 'str'>

>>>ScoketManager.receive_msg() 查询策略 self.__dict_user_strategy_tree = {'801867': ['01', '02', '99', '96', '95']}
>>> SocketManager run() 监听接收消息
>>> init_groupBox_order_algorithm() 初始化下单算法 [{'name': '02'}, {'name': '03'}]
SocketManager.receive_msg() MsgType=15，查询昨持仓明细order {'MsgSendFlag': 1, 'MsgType': 15, 'MsgRef': 29, 'IsLast': 1, 'MsgSrc': 0, 'Info': [], 'UserID': '', 'MsgResult': 0, 'MsgErrorReason': '未找到该策略昨仓明细(order)', 'TraderID': '1601'}
>>> SocketManager run() 监听接收消息
SocketManager.receive_msg() MsgType=17，查询昨持仓明细trade {'MsgSendFlag': 1, 'MsgType': 17, 'MsgRef': 30, 'IsLast': 1, 'MsgSrc': 0, 'Info': [], 'UserID': '', 'MsgResult': 0, 'MsgErrorReason': '未找到该策略昨仓明细(trade)', 'TraderID': '1601'}
>>> SocketManager run() 监听接收消息
SocketManager.receive_msg() MsgType=20，查询修改持仓时的策略持仓明细order {'MsgSendFlag': 1, 'MsgType': 20, 'MsgRef': 31, 'IsLast': 1, 'MsgSrc': 0, 'Info': [], 'UserID': '', 'MsgResult': 0, 'MsgErrorReason': '未找到该策略今仓明细(order)', 'TraderID': '1601'}
>>> SocketManager run() 监听接收消息
SocketManager.receive_msg() MsgType=21，查询修改持仓时的策略持仓明细trade {'MsgSendFlag': 1, 'MsgType': 21, 'MsgRef': 32, 'IsLast': 1, 'MsgSrc': 0, 'Info': [], 'UserID': '', 'MsgResult': 0, 'MsgErrorReason': '未找到该策略昨仓明细(trade)', 'TraderID': '1601'}
>>>QOrderWidget.slot_set_combBox_user_strategy() list_strategy_id = ['01', '02', '99', '96', '95']
if self.last_combBox_strategy_id in list_menu: self.last_combBox_strategy_id = 所有
>>>QOrderWidget.init_comboBox_strategy_id() self.last_combBox_strategy_id = 所有
QAccountWidget.slot_addTabBar() self.__dict_clicked_info = {'801867': {}, '所有账户': {}}
>>> slot_init_setTabIcon()
>>> SocketManager run() 监听接收消息
>>> SocketManager.handle_Queue_get() data_flag == 'user_init_finished'
>>> SocketManager.handle_Queue_get() 所有user子进程初始化完成，子进程数 = 1
MarketManagerForUi.group_box_sub_market() self.__market.SubMarketData() = [{'InstrumentID': 'rb1805'}, {'InstrumentID': 'rb1810'}]
SocketManager.receive_msg() MsgType=13，修改策略交易开关 {'MsgSendFlag': 1, 'MsgType': 13, 'MsgRef': 33, 'IsLast': 1, 'MsgSrc': 0, 'UserID': '801867', 'MsgResult': 0, 'MsgErrorReason': '', 'OnOff': 1, 'StrategyID': '99', 'TraderID': '1601'}
>>> SocketManager run() 监听接收消息
>>> StrategyDataModel.slot_update_strategy_on_off() user_id = 801867 strategy_id = 99 针对特定的单个strategy更新界面开关
SocketManager.receive_msg() MsgType=13，修改策略交易开关 {'MsgSendFlag': 1, 'MsgType': 13, 'MsgRef': 34, 'IsLast': 1, 'MsgSrc': 0, 'UserID': '801867', 'MsgResult': 0, 'MsgErrorReason': '', 'OnOff': 0, 'StrategyID': '99', 'TraderID': '1601'}
>>> SocketManager run() 监听接收消息
>>> StrategyDataModel.slot_update_strategy_on_off() user_id = 801867 strategy_id = 99 针对特定的单个strategy更新界面开关
SocketManager.receive_msg() MsgType=22，查询策略，查询单个策略 {'MsgSendFlag': 1, 'MsgType': 22, 'MsgRef': 35, 'IsLast': 1, 'MsgSrc': 0, 'Info': [{'b_lower_limit_price': 3340.0, 'b_order_open_num_limit': -1, 'status_on_rtnorder': 1, 'position_b_sell': 0, 'sell_open_on_off': 1, 'position_a_sell_today': 0, 'b_upper_limit_price': 3843.0, 'instrument_b_scale': 1, 'position_a_sell': 0, 'stg_select_order_algorithm_flag': 0, 'b_order_action_limit': 450, 'trader_on_off': 1, 'position_b_buy_yesterday': 0, 'position_b_buy_today': 0, 'a_upper_limit_price': 4028.0, 'a_order_action_limit': 100, 'buy_close_on_off': 0, 'user_id': '801867', 'position_b_buy': 0, 'stg_spread_long': 182.0000000000009, 'position_a_buy_yesterday': 0, 'b_order_action_count': 0, 'order_algorithm': '03', 'instrument_a_scale': 1, 'stg_trade_tasking': 0, 'position_a_buy': 0, 'a_order_action_count': 6, 'user_last_orderref': '100000000799', 'sell_close_on_off': 0, 'stg_spread_long_volume': 38, 'stg_spread_short_volume': 61, 'buy_open': 0.0, 'b_limit_price_shift': 0, 'trade_model': '', 'strategy_id': '99', 'position_b_sell_today': 0, 'stop_loss': 0.0, 'a_instrument_id': 'rb1805', 'a_order_open_num_limit': -1, 'lots_batch': 1, 'spread_shift': 0.0, 'user_last_orderref_on_init': '100000000100', 'position_b_sell_yesterday': 0, 'b_order_open_count': 0, 'position_sell': 0, 'on_off': 0, 'a_price_tick': 1.0, 'b_instrument_id': 'rb1810', 'b_wait_price_tick': 0.0, 'position_buy': 0, 'position': 0, 'trade_volume': 0, 'position_a_buy_today': 0, 'lots': 1, 'sell_open': 1.0, 'stg_list_order_pending_size': 0, 'position_a_sell_yesterday': 0, 'a_order_open_count': 0, 'b_price_tick': 1.0, 'stg_spread_short': 181.99999999999955, 'a_wait_price_tick': 0.0, 'user_on_off': 1, 'a_limit_price_shift': -100, 'buy_close': 0.0, 'sell_close': 1.0, 'ctpmanager_on_off': 1, 'only_close': 0, 'a_lower_limit_price': 3501.0, 'strategy_on_off': 0, 'buy_open_on_off': 0, 'trader_id': '1601'}], 'UserID': '801867', 'MsgResult': 0, 'MsgErrorReason': '', 'StrategyID': '99', 'TraderID': '1601'}
SocketManager.print_strategy_info_for_soket() 服务端数据程数据 user_id = 801867 strategy_id = 99
A总卖 0 A昨卖 0
B总买 0 B昨买 0
A总买 0 A昨买 0
B总卖 0 B昨卖 0
>>>SocketManager.check_strategy_position() buff = {'MsgSendFlag': 1, 'MsgType': 22, 'MsgRef': 35, 'IsLast': 1, 'MsgSrc': 0, 'Info': [{'b_lower_limit_price': 3340.0, 'b_order_open_num_limit': -1, 'status_on_rtnorder': 1, 'position_b_sell': 0, 'sell_open_on_off': 1, 'position_a_sell_today': 0, 'b_upper_limit_price': 3843.0, 'instrument_b_scale': 1, 'position_a_sell': 0, 'stg_select_order_algorithm_flag': 0, 'b_order_action_limit': 450, 'trader_on_off': 1, 'position_b_buy_yesterday': 0, 'position_b_buy_today': 0, 'a_upper_limit_price': 4028.0, 'a_order_action_limit': 100, 'buy_close_on_off': 0, 'user_id': '801867', 'position_b_buy': 0, 'stg_spread_long': 182.0000000000009, 'position_a_buy_yesterday': 0, 'b_order_action_count': 0, 'order_algorithm': '03', 'instrument_a_scale': 1, 'stg_trade_tasking': 0, 'position_a_buy': 0, 'a_order_action_count': 6, 'user_last_orderref': '100000000799', 'sell_close_on_off': 0, 'stg_spread_long_volume': 38, 'stg_spread_short_volume': 61, 'buy_open': 0.0, 'b_limit_price_shift': 0, 'trade_model': '', 'strategy_id': '99', 'position_b_sell_today': 0, 'stop_loss': 0.0, 'a_instrument_id': 'rb1805', 'a_order_open_num_limit': -1, 'lots_batch': 1, 'spread_shift': 0.0, 'user_last_orderref_on_init': '100000000100', 'position_b_sell_yesterday': 0, 'b_order_open_count': 0, 'position_sell': 0, 'on_off': 0, 'a_price_tick': 1.0, 'b_instrument_id': 'rb1810', 'b_wait_price_tick': 0.0, 'position_buy': 0, 'position': 0, 'trade_volume': 0, 'position_a_buy_today': 0, 'lots': 1, 'sell_open': 1.0, 'stg_list_order_pending_size': 0, 'position_a_sell_yesterday': 0, 'a_order_open_count': 0, 'b_price_tick': 1.0, 'stg_spread_short': 181.99999999999955, 'a_wait_price_tick': 0.0, 'user_on_off': 1, 'a_limit_price_shift': -100, 'buy_close': 0.0, 'sell_close': 1.0, 'ctpmanager_on_off': 1, 'only_close': 0, 'a_lower_limit_price': 3501.0, 'strategy_on_off': 0, 'buy_open_on_off': 0, 'trader_id': '1601'}], 'UserID': '801867', 'MsgResult': 0, 'MsgErrorReason': '', 'StrategyID': '99', 'TraderID': '1601'}
>>> SocketManager run() 监听接收消息
SocketManager.receive_msg() MsgType=13，修改策略交易开关 {'MsgSendFlag': 1, 'MsgType': 13, 'MsgRef': 36, 'IsLast': 1, 'MsgSrc': 0, 'UserID': '801867', 'MsgResult': 0, 'MsgErrorReason': '', 'OnOff': 1, 'StrategyID': '99', 'TraderID': '1601'}
>>> SocketManager run() 监听接收消息
>>> StrategyDataModel.slot_update_strategy_on_off() user_id = 801867 strategy_id = 99 针对特定的单个strategy更新界面开关
SocketManager.receive_msg() MsgType=13，修改策略交易开关 {'MsgSendFlag': 1, 'MsgType': 13, 'MsgRef': 37, 'IsLast': 1, 'MsgSrc': 0, 'UserID': '801867', 'MsgResult': 0, 'MsgErrorReason': '', 'OnOff': 0, 'StrategyID': '99', 'TraderID': '1601'}